0 info it worked if it ends with ok
1 verbose cli [ 'node', '/usr/local/bin/npm', 'publish', '.' ]
2 info using npm@2.10.1
3 info using node@v0.12.4
4 verbose publish [ '.' ]
5 silly cache add args [ '.', null ]
6 verbose cache add spec .
7 silly cache add parsed spec { raw: '.',
7 silly cache add   scope: null,
7 silly cache add   name: null,
7 silly cache add   rawSpec: '.',
7 silly cache add   spec: '/Volumes/DATA/AA-AppFeel/libs/cordova-plugins/google/cordova-plugin-android-support-v13',
7 silly cache add   type: 'directory' }
8 verbose addLocalDirectory /Users/mmgadmin/.npm/cordova-plugin-android-support-v13/13.0.0/package.tgz not in flight; packing
9 verbose tar pack [ '/Users/mmgadmin/.npm/cordova-plugin-android-support-v13/13.0.0/package.tgz',
9 verbose tar pack   '/Volumes/DATA/AA-AppFeel/libs/cordova-plugins/google/cordova-plugin-android-support-v13' ]
10 verbose tarball /Users/mmgadmin/.npm/cordova-plugin-android-support-v13/13.0.0/package.tgz
11 verbose folder /Volumes/DATA/AA-AppFeel/libs/cordova-plugins/google/cordova-plugin-android-support-v13
12 info prepublish cordova-plugin-android-support-v13@13.0.0
13 verbose addLocalTarball adding from inside cache /Users/mmgadmin/.npm/cordova-plugin-android-support-v13/13.0.0/package.tgz
14 silly cache afterAdd cordova-plugin-android-support-v13@13.0.0
15 verbose afterAdd /Users/mmgadmin/.npm/cordova-plugin-android-support-v13/13.0.0/package/package.json not in flight; writing
16 verbose afterAdd /Users/mmgadmin/.npm/cordova-plugin-android-support-v13/13.0.0/package/package.json written
17 silly publish { name: 'cordova-plugin-android-support-v13',
17 silly publish   version: '13.0.0',
17 silly publish   description: 'This is a Cordova plugin that adds the Android Support v13 client library. It is meant to be depended on by other plugins.',
17 silly publish   cordova: { id: 'cordova-android-support-v13', platforms: [ 'android' ] },
17 silly publish   repository:
17 silly publish    { type: 'git',
17 silly publish      url: 'git+https://github.com/appfeel/cordova-plugin-android-support-v13.git' },
17 silly publish   keywords: [ 'ecosystem:cordova', 'cordova-android' ],
17 silly publish   engines: [ { name: 'cordova', version: '>=3.0.0' } ],
17 silly publish   author: { name: 'AppFeel' },
17 silly publish   license: 'MIT',
17 silly publish   bugs: { url: 'https://github.com/appfeel/cordova-plugin-android-support-v13/issues' },
17 silly publish   homepage: 'https://github.com/appfeel/cordova-plugin-android-support-v13#readme',
17 silly publish   readme: 'This is a Cordova plugin that adds the Android Support v13 client library. It is meant to be depended on by other plugins.',
17 silly publish   readmeFilename: 'README.md',
17 silly publish   gitHead: '047412ae4c663d04991e02ccf1645f30cf62f07f',
17 silly publish   _id: 'cordova-plugin-android-support-v13@13.0.0',
17 silly publish   scripts: {},
17 silly publish   _shasum: '4d71f2244c53f8b4c39de5bd0914f19174fda2d0',
17 silly publish   _from: '.' }
18 verbose getPublishConfig undefined
19 silly mapToRegistry name cordova-plugin-android-support-v13
20 silly mapToRegistry using default registry
21 silly mapToRegistry registry https://registry.npmjs.org/
22 silly mapToRegistry uri https://registry.npmjs.org/cordova-plugin-android-support-v13
23 verbose publish registryBase https://registry.npmjs.org/
24 silly publish uploading /Users/mmgadmin/.npm/cordova-plugin-android-support-v13/13.0.0/package.tgz
25 verbose request uri https://registry.npmjs.org/cordova-plugin-android-support-v13
26 verbose request sending authorization for write operation
27 info attempt registry request try #1 at 6:16:47 PM
28 verbose request id aa8de0c3d8d5562f
29 http request PUT https://registry.npmjs.org/cordova-plugin-android-support-v13
30 http 403 https://registry.npmjs.org/cordova-plugin-android-support-v13
31 verbose headers { 'content-type': 'application/json',
31 verbose headers   'cache-control': 'max-age=60',
31 verbose headers   'content-length': '126',
31 verbose headers   'accept-ranges': 'bytes',
31 verbose headers   date: 'Wed, 30 Sep 2015 16:16:49 GMT',
31 verbose headers   via: '1.1 varnish',
31 verbose headers   connection: 'keep-alive',
31 verbose headers   'x-served-by': 'cache-ams4126-AMS',
31 verbose headers   'x-cache': 'MISS',
31 verbose headers   'x-cache-hits': '0',
31 verbose headers   'x-timer': 'S1443629807.511839,VS0,VE2398' }
32 verbose request invalidating /Users/mmgadmin/.npm/registry.npmjs.org/cordova-plugin-android-support-v13 on PUT
33 error publish Failed PUT 403
34 verbose stack Error: You do not have permission to publish 'cordova-plugin-android-support-v13'. Are you logged in as the correct user? : cordova-plugin-android-support-v13
34 verbose stack     at CachingRegistryClient.<anonymous> (/usr/local/lib/node_modules/npm/node_modules/npm-registry-client/lib/request.js:247:14)
34 verbose stack     at Request._callback (/usr/local/lib/node_modules/npm/node_modules/npm-registry-client/lib/request.js:170:14)
34 verbose stack     at Request.self.callback (/usr/local/lib/node_modules/npm/node_modules/request/request.js:368:22)
34 verbose stack     at Request.emit (events.js:110:17)
34 verbose stack     at Request.<anonymous> (/usr/local/lib/node_modules/npm/node_modules/request/request.js:1219:14)
34 verbose stack     at Request.emit (events.js:129:20)
34 verbose stack     at IncomingMessage.<anonymous> (/usr/local/lib/node_modules/npm/node_modules/request/request.js:1167:12)
34 verbose stack     at IncomingMessage.emit (events.js:129:20)
34 verbose stack     at _stream_readable.js:908:16
34 verbose stack     at process._tickCallback (node.js:355:11)
35 verbose statusCode 403
36 verbose pkgid cordova-plugin-android-support-v13
37 verbose cwd /Volumes/DATA/AA-AppFeel/libs/cordova-plugins/google/cordova-plugin-android-support-v13
38 error Darwin 14.5.0
39 error argv "node" "/usr/local/bin/npm" "publish" "."
40 error node v0.12.4
41 error npm  v2.10.1
42 error code E403
43 error You do not have permission to publish 'cordova-plugin-android-support-v13'. Are you logged in as the correct user? : cordova-plugin-android-support-v13
44 error If you need help, you may report this error at:
44 error     <https://github.com/npm/npm/issues>
45 verbose exit [ 1, true ]
